{"C:\\Users\\Schonning\\Documents\\GitHub\\DSP-Project-Jasmin\\server\\src\\example_tests_src.ts": {"path":"C:\\Users\\Schonning\\Documents\\GitHub\\DSP-Project-Jasmin\\server\\src\\example_tests_src.ts","statementMap":{"0":{"start":{"line":1,"column":0},"end":{"line":1,"column":16}},"1":{"start":{"line":6,"column":0},"end":{"line":6,"column":16}},"2":{"start":{"line":2,"column":4},"end":{"line":2,"column":17}},"3":{"start":{"line":7,"column":4},"end":{"line":9,"column":13}},"4":{"start":{"line":8,"column":6},"end":{"line":8,"column":23}}},"fnMap":{"0":{"name":"sum","decl":{"start":{"line":1,"column":16},"end":{"line":1,"column":19}},"loc":{"start":{"line":1,"column":40},"end":{"line":3,"column":1}}},"1":{"name":"fetchData","decl":{"start":{"line":6,"column":16},"end":{"line":6,"column":25}},"loc":{"start":{"line":6,"column":58},"end":{"line":10,"column":1}}},"2":{"name":"(anonymous_2)","decl":{"start":{"line":7,"column":15},"end":{"line":7,"column":18}},"loc":{"start":{"line":7,"column":20},"end":{"line":9,"column":5}}}},"branchMap":{},"s":{"0":1,"1":1,"2":1,"3":1,"4":1},"f":{"0":1,"1":1,"2":1},"b":{}}
,"C:\\Users\\Schonning\\Documents\\GitHub\\DSP-Project-Jasmin\\server\\src\\database\\connection_pooling.ts": {"path":"C:\\Users\\Schonning\\Documents\\GitHub\\DSP-Project-Jasmin\\server\\src\\database\\connection_pooling.ts","statementMap":{"0":{"start":{"line":1,"column":11},"end":{"line":1,"column":24}},"1":{"start":{"line":2,"column":17},"end":{"line":2,"column":30}},"2":{"start":{"line":3,"column":0},"end":{"line":3,"column":27}},"3":{"start":{"line":4,"column":0},"end":{"line":4,"column":24}},"4":{"start":{"line":7,"column":15},"end":{"line":7,"column":74}},"5":{"start":{"line":9,"column":13},"end":{"line":9,"column":61}},"6":{"start":{"line":10,"column":13},"end":{"line":10,"column":61}},"7":{"start":{"line":11,"column":13},"end":{"line":11,"column":47}},"8":{"start":{"line":14,"column":13},"end":{"line":29,"column":3}},"9":{"start":{"line":35,"column":25},"end":{"line":52,"column":1}},"10":{"start":{"line":36,"column":4},"end":{"line":51,"column":5}},"11":{"start":{"line":38,"column":23},"end":{"line":38,"column":43}},"12":{"start":{"line":41,"column":30},"end":{"line":41,"column":68}},"13":{"start":{"line":42,"column":8},"end":{"line":42,"column":74}},"14":{"start":{"line":45,"column":8},"end":{"line":45,"column":25}},"15":{"start":{"line":47,"column":8},"end":{"line":47,"column":64}},"16":{"start":{"line":50,"column":8},"end":{"line":50,"column":25}}},"fnMap":{"0":{"name":"(anonymous_1)","decl":{"start":{"line":35,"column":25},"end":{"line":35,"column":30}},"loc":{"start":{"line":35,"column":36},"end":{"line":52,"column":1}}}},"branchMap":{},"s":{"0":1,"1":1,"2":1,"3":1,"4":1,"5":1,"6":1,"7":1,"8":1,"9":1,"10":0,"11":0,"12":0,"13":0,"14":0,"15":0,"16":0},"f":{"0":0},"b":{}}
,"C:\\Users\\Schonning\\Documents\\GitHub\\DSP-Project-Jasmin\\server\\src\\database\\data_deletion.ts": {"path":"C:\\Users\\Schonning\\Documents\\GitHub\\DSP-Project-Jasmin\\server\\src\\database\\data_deletion.ts","statementMap":{"0":{"start":{"line":1,"column":0},"end":{"line":1,"column":44}},"1":{"start":{"line":3,"column":20},"end":{"line":47,"column":1}},"2":{"start":{"line":4,"column":4},"end":{"line":46,"column":5}},"3":{"start":{"line":8,"column":20},"end":{"line":8,"column":42}},"4":{"start":{"line":9,"column":28},"end":{"line":9,"column":30}},"5":{"start":{"line":11,"column":8},"end":{"line":17,"column":9}},"6":{"start":{"line":12,"column":25},"end":{"line":14,"column":30}},"7":{"start":{"line":13,"column":37},"end":{"line":13,"column":61}},"8":{"start":{"line":15,"column":12},"end":{"line":15,"column":46}},"9":{"start":{"line":16,"column":12},"end":{"line":16,"column":38}},"10":{"start":{"line":19,"column":8},"end":{"line":19,"column":32}},"11":{"start":{"line":28,"column":23},"end":{"line":28,"column":54}},"12":{"start":{"line":29,"column":8},"end":{"line":33,"column":9}},"13":{"start":{"line":30,"column":12},"end":{"line":30,"column":119}},"14":{"start":{"line":32,"column":12},"end":{"line":32,"column":89}},"15":{"start":{"line":36,"column":8},"end":{"line":45,"column":9}},"16":{"start":{"line":38,"column":16},"end":{"line":38,"column":164}},"17":{"start":{"line":39,"column":16},"end":{"line":39,"column":22}},"18":{"start":{"line":41,"column":16},"end":{"line":41,"column":70}},"19":{"start":{"line":42,"column":16},"end":{"line":42,"column":22}},"20":{"start":{"line":44,"column":16},"end":{"line":44,"column":91}},"21":{"start":{"line":49,"column":0},"end":{"line":49,"column":27}}},"fnMap":{"0":{"name":"(anonymous_0)","decl":{"start":{"line":3,"column":20},"end":{"line":3,"column":25}},"loc":{"start":{"line":3,"column":60},"end":{"line":47,"column":1}}},"1":{"name":"(anonymous_1)","decl":{"start":{"line":13,"column":21},"end":{"line":13,"column":22}},"loc":{"start":{"line":13,"column":37},"end":{"line":13,"column":61}}}},"branchMap":{"0":{"loc":{"start":{"line":11,"column":8},"end":{"line":17,"column":9}},"type":"if","locations":[{"start":{"line":11,"column":8},"end":{"line":17,"column":9}}]},"1":{"loc":{"start":{"line":11,"column":12},"end":{"line":11,"column":58}},"type":"binary-expr","locations":[{"start":{"line":11,"column":12},"end":{"line":11,"column":21}},{"start":{"line":11,"column":25},"end":{"line":11,"column":58}}]},"2":{"loc":{"start":{"line":29,"column":8},"end":{"line":33,"column":9}},"type":"if","locations":[{"start":{"line":29,"column":8},"end":{"line":33,"column":9}},{"start":{"line":31,"column":15},"end":{"line":33,"column":9}}]},"3":{"loc":{"start":{"line":36,"column":8},"end":{"line":45,"column":9}},"type":"switch","locations":[{"start":{"line":37,"column":12},"end":{"line":39,"column":22}},{"start":{"line":40,"column":12},"end":{"line":42,"column":22}},{"start":{"line":43,"column":12},"end":{"line":44,"column":91}}]}},"s":{"0":1,"1":1,"2":1,"3":1,"4":1,"5":1,"6":0,"7":0,"8":0,"9":0,"10":1,"11":1,"12":1,"13":1,"14":0,"15":0,"16":0,"17":0,"18":0,"19":0,"20":0,"21":1},"f":{"0":1,"1":0},"b":{"0":[0],"1":[1,1],"2":[1,0],"3":[0,0,0]}}
,"C:\\Users\\Schonning\\Documents\\GitHub\\DSP-Project-Jasmin\\server\\src\\database\\data_insertion.ts": {"path":"C:\\Users\\Schonning\\Documents\\GitHub\\DSP-Project-Jasmin\\server\\src\\database\\data_insertion.ts","statementMap":{"0":{"start":{"line":1,"column":0},"end":{"line":1,"column":44}},"1":{"start":{"line":3,"column":20},"end":{"line":32,"column":1}},"2":{"start":{"line":4,"column":4},"end":{"line":31,"column":5}},"3":{"start":{"line":8,"column":21},"end":{"line":8,"column":49}},"4":{"start":{"line":10,"column":23},"end":{"line":10,"column":42}},"5":{"start":{"line":12,"column":35},"end":{"line":12,"column":87}},"6":{"start":{"line":12,"column":60},"end":{"line":12,"column":75}},"7":{"start":{"line":14,"column":22},"end":{"line":14,"column":97}},"8":{"start":{"line":17,"column":23},"end":{"line":17,"column":54}},"9":{"start":{"line":18,"column":8},"end":{"line":18,"column":120}},"10":{"start":{"line":21,"column":8},"end":{"line":30,"column":9}},"11":{"start":{"line":23,"column":16},"end":{"line":23,"column":141}},"12":{"start":{"line":24,"column":16},"end":{"line":24,"column":22}},"13":{"start":{"line":26,"column":16},"end":{"line":26,"column":69}},"14":{"start":{"line":27,"column":16},"end":{"line":27,"column":22}},"15":{"start":{"line":29,"column":16},"end":{"line":29,"column":89}},"16":{"start":{"line":34,"column":0},"end":{"line":34,"column":27}}},"fnMap":{"0":{"name":"(anonymous_0)","decl":{"start":{"line":3,"column":20},"end":{"line":3,"column":25}},"loc":{"start":{"line":3,"column":55},"end":{"line":32,"column":1}}},"1":{"name":"(anonymous_1)","decl":{"start":{"line":12,"column":46},"end":{"line":12,"column":47}},"loc":{"start":{"line":12,"column":60},"end":{"line":12,"column":75}}}},"branchMap":{"0":{"loc":{"start":{"line":21,"column":8},"end":{"line":30,"column":9}},"type":"switch","locations":[{"start":{"line":22,"column":12},"end":{"line":24,"column":22}},{"start":{"line":25,"column":12},"end":{"line":27,"column":22}},{"start":{"line":28,"column":12},"end":{"line":29,"column":89}}]}},"s":{"0":1,"1":1,"2":3,"3":3,"4":3,"5":3,"6":9,"7":3,"8":3,"9":3,"10":0,"11":0,"12":0,"13":0,"14":0,"15":0,"16":1},"f":{"0":3,"1":9},"b":{"0":[0,0,0]}}
,"C:\\Users\\Schonning\\Documents\\GitHub\\DSP-Project-Jasmin\\server\\src\\database\\data_modification.ts": {"path":"C:\\Users\\Schonning\\Documents\\GitHub\\DSP-Project-Jasmin\\server\\src\\database\\data_modification.ts","statementMap":{"0":{"start":{"line":1,"column":0},"end":{"line":1,"column":44}},"1":{"start":{"line":3,"column":20},"end":{"line":37,"column":1}},"2":{"start":{"line":4,"column":4},"end":{"line":36,"column":5}},"3":{"start":{"line":6,"column":21},"end":{"line":6,"column":38}},"4":{"start":{"line":7,"column":23},"end":{"line":7,"column":42}},"5":{"start":{"line":9,"column":26},"end":{"line":9,"column":87}},"6":{"start":{"line":9,"column":51},"end":{"line":9,"column":75}},"7":{"start":{"line":12,"column":30},"end":{"line":12,"column":52}},"8":{"start":{"line":13,"column":32},"end":{"line":13,"column":56}},"9":{"start":{"line":15,"column":32},"end":{"line":17,"column":26}},"10":{"start":{"line":16,"column":33},"end":{"line":16,"column":71}},"11":{"start":{"line":19,"column":22},"end":{"line":19,"column":93}},"12":{"start":{"line":21,"column":23},"end":{"line":21,"column":79}},"13":{"start":{"line":23,"column":8},"end":{"line":23,"column":116}},"14":{"start":{"line":26,"column":8},"end":{"line":35,"column":9}},"15":{"start":{"line":28,"column":16},"end":{"line":28,"column":141}},"16":{"start":{"line":29,"column":16},"end":{"line":29,"column":22}},"17":{"start":{"line":31,"column":16},"end":{"line":31,"column":69}},"18":{"start":{"line":32,"column":16},"end":{"line":32,"column":22}},"19":{"start":{"line":34,"column":16},"end":{"line":34,"column":89}},"20":{"start":{"line":39,"column":0},"end":{"line":39,"column":27}}},"fnMap":{"0":{"name":"(anonymous_0)","decl":{"start":{"line":3,"column":20},"end":{"line":3,"column":25}},"loc":{"start":{"line":3,"column":71},"end":{"line":37,"column":1}}},"1":{"name":"(anonymous_1)","decl":{"start":{"line":9,"column":35},"end":{"line":9,"column":36}},"loc":{"start":{"line":9,"column":51},"end":{"line":9,"column":75}}},"2":{"name":"(anonymous_2)","decl":{"start":{"line":16,"column":17},"end":{"line":16,"column":18}},"loc":{"start":{"line":16,"column":33},"end":{"line":16,"column":71}}}},"branchMap":{"0":{"loc":{"start":{"line":26,"column":8},"end":{"line":35,"column":9}},"type":"switch","locations":[{"start":{"line":27,"column":12},"end":{"line":29,"column":22}},{"start":{"line":30,"column":12},"end":{"line":32,"column":22}},{"start":{"line":33,"column":12},"end":{"line":34,"column":89}}]}},"s":{"0":1,"1":1,"2":1,"3":1,"4":1,"5":1,"6":3,"7":1,"8":1,"9":1,"10":3,"11":1,"12":1,"13":1,"14":0,"15":0,"16":0,"17":0,"18":0,"19":0,"20":1},"f":{"0":1,"1":3,"2":3},"b":{"0":[0,0,0]}}
,"C:\\Users\\Schonning\\Documents\\GitHub\\DSP-Project-Jasmin\\server\\src\\database\\data_retrieval.ts": {"path":"C:\\Users\\Schonning\\Documents\\GitHub\\DSP-Project-Jasmin\\server\\src\\database\\data_retrieval.ts","statementMap":{"0":{"start":{"line":1,"column":0},"end":{"line":1,"column":44}},"1":{"start":{"line":4,"column":22},"end":{"line":39,"column":1}},"2":{"start":{"line":5,"column":4},"end":{"line":38,"column":5}},"3":{"start":{"line":9,"column":21},"end":{"line":9,"column":44}},"4":{"start":{"line":11,"column":23},"end":{"line":11,"column":48}},"5":{"start":{"line":13,"column":29},"end":{"line":15,"column":16}},"6":{"start":{"line":14,"column":48},"end":{"line":14,"column":72}},"7":{"start":{"line":17,"column":22},"end":{"line":17,"column":62}},"8":{"start":{"line":20,"column":23},"end":{"line":20,"column":54}},"9":{"start":{"line":22,"column":8},"end":{"line":26,"column":9}},"10":{"start":{"line":25,"column":12},"end":{"line":25,"column":101}},"11":{"start":{"line":29,"column":8},"end":{"line":29,"column":27}},"12":{"start":{"line":31,"column":8},"end":{"line":37,"column":9}},"13":{"start":{"line":33,"column":16},"end":{"line":33,"column":70}},"14":{"start":{"line":34,"column":16},"end":{"line":34,"column":22}},"15":{"start":{"line":36,"column":16},"end":{"line":36,"column":94}},"16":{"start":{"line":41,"column":0},"end":{"line":41,"column":29}}},"fnMap":{"0":{"name":"(anonymous_0)","decl":{"start":{"line":4,"column":22},"end":{"line":4,"column":27}},"loc":{"start":{"line":4,"column":68},"end":{"line":39,"column":1}}},"1":{"name":"(anonymous_1)","decl":{"start":{"line":14,"column":32},"end":{"line":14,"column":33}},"loc":{"start":{"line":14,"column":48},"end":{"line":14,"column":72}}}},"branchMap":{"0":{"loc":{"start":{"line":4,"column":44},"end":{"line":4,"column":64}},"type":"default-arg","locations":[{"start":{"line":4,"column":62},"end":{"line":4,"column":64}}]},"1":{"loc":{"start":{"line":13,"column":29},"end":{"line":15,"column":16}},"type":"cond-expr","locations":[{"start":{"line":14,"column":14},"end":{"line":14,"column":89}},{"start":{"line":15,"column":14},"end":{"line":15,"column":16}}]},"2":{"loc":{"start":{"line":22,"column":8},"end":{"line":26,"column":9}},"type":"if","locations":[{"start":{"line":22,"column":8},"end":{"line":26,"column":9}},{"start":{"line":24,"column":15},"end":{"line":26,"column":9}}]},"3":{"loc":{"start":{"line":31,"column":8},"end":{"line":37,"column":9}},"type":"switch","locations":[{"start":{"line":32,"column":12},"end":{"line":34,"column":22}},{"start":{"line":35,"column":12},"end":{"line":36,"column":94}}]}},"s":{"0":1,"1":1,"2":3,"3":3,"4":3,"5":3,"6":9,"7":3,"8":3,"9":3,"10":1,"11":3,"12":0,"13":0,"14":0,"15":0,"16":1},"f":{"0":3,"1":9},"b":{"0":[0],"1":[3,0],"2":[2,1],"3":[0,0]}}
,"C:\\Users\\Schonning\\Documents\\GitHub\\DSP-Project-Jasmin\\server\\src\\database\\table_clearing.ts": {"path":"C:\\Users\\Schonning\\Documents\\GitHub\\DSP-Project-Jasmin\\server\\src\\database\\table_clearing.ts","statementMap":{"0":{"start":{"line":1,"column":0},"end":{"line":1,"column":44}},"1":{"start":{"line":4,"column":20},"end":{"line":7,"column":1}},"2":{"start":{"line":5,"column":18},"end":{"line":5,"column":73}},"3":{"start":{"line":6,"column":4},"end":{"line":6,"column":28}},"4":{"start":{"line":9,"column":0},"end":{"line":9,"column":27}}},"fnMap":{"0":{"name":"(anonymous_0)","decl":{"start":{"line":4,"column":20},"end":{"line":4,"column":25}},"loc":{"start":{"line":4,"column":63},"end":{"line":7,"column":1}}}},"branchMap":{},"s":{"0":1,"1":1,"2":3,"3":3,"4":1},"f":{"0":3},"b":{}}
}
