{"C:\\Users\\klasw\\OneDrive\\Documents\\GitHub\\DSP-Project-Jasmin\\server\\src\\example_tests_src.ts": {"path":"C:\\Users\\klasw\\OneDrive\\Documents\\GitHub\\DSP-Project-Jasmin\\server\\src\\example_tests_src.ts","statementMap":{"0":{"start":{"line":1,"column":0},"end":{"line":1,"column":16}},"1":{"start":{"line":6,"column":0},"end":{"line":6,"column":16}},"2":{"start":{"line":2,"column":4},"end":{"line":2,"column":17}},"3":{"start":{"line":7,"column":4},"end":{"line":9,"column":13}},"4":{"start":{"line":8,"column":6},"end":{"line":8,"column":23}}},"fnMap":{"0":{"name":"sum","decl":{"start":{"line":1,"column":16},"end":{"line":1,"column":19}},"loc":{"start":{"line":1,"column":40},"end":{"line":3,"column":1}}},"1":{"name":"fetchData","decl":{"start":{"line":6,"column":16},"end":{"line":6,"column":25}},"loc":{"start":{"line":6,"column":58},"end":{"line":10,"column":1}}},"2":{"name":"(anonymous_2)","decl":{"start":{"line":7,"column":15},"end":{"line":7,"column":18}},"loc":{"start":{"line":7,"column":20},"end":{"line":9,"column":5}}}},"branchMap":{},"s":{"0":1,"1":1,"2":1,"3":1,"4":1},"f":{"0":1,"1":1,"2":1},"b":{}}
,"C:\\Users\\klasw\\OneDrive\\Documents\\GitHub\\DSP-Project-Jasmin\\server\\src\\server.ts": {"path":"C:\\Users\\klasw\\OneDrive\\Documents\\GitHub\\DSP-Project-Jasmin\\server\\src\\server.ts","statementMap":{"0":{"start":{"line":2,"column":16},"end":{"line":2,"column":34}},"1":{"start":{"line":4,"column":0},"end":{"line":4,"column":37}},"2":{"start":{"line":6,"column":12},"end":{"line":6,"column":21}},"3":{"start":{"line":7,"column":13},"end":{"line":7,"column":17}},"4":{"start":{"line":9,"column":29},"end":{"line":9,"column":30}},"5":{"start":{"line":12,"column":0},"end":{"line":15,"column":5}},"6":{"start":{"line":13,"column":4},"end":{"line":13,"column":53}},"7":{"start":{"line":18,"column":15},"end":{"line":20,"column":2}},"8":{"start":{"line":19,"column":2},"end":{"line":19,"column":63}},"9":{"start":{"line":23,"column":12},"end":{"line":23,"column":43}},"10":{"start":{"line":25,"column":0},"end":{"line":69,"column":3}},"11":{"start":{"line":26,"column":2},"end":{"line":26,"column":41}},"12":{"start":{"line":27,"column":2},"end":{"line":27,"column":63}},"13":{"start":{"line":30,"column":2},"end":{"line":63,"column":5}},"14":{"start":{"line":32,"column":4},"end":{"line":53,"column":5}},"15":{"start":{"line":33,"column":29},"end":{"line":33,"column":48}},"16":{"start":{"line":34,"column":6},"end":{"line":49,"column":7}},"17":{"start":{"line":35,"column":8},"end":{"line":46,"column":9}},"18":{"start":{"line":37,"column":12},"end":{"line":37,"column":63}},"19":{"start":{"line":38,"column":12},"end":{"line":38,"column":59}},"20":{"start":{"line":40,"column":12},"end":{"line":44,"column":15}},"21":{"start":{"line":41,"column":14},"end":{"line":43,"column":15}},"22":{"start":{"line":42,"column":16},"end":{"line":42,"column":37}},"23":{"start":{"line":48,"column":8},"end":{"line":48,"column":57}},"24":{"start":{"line":52,"column":6},"end":{"line":52,"column":57}},"25":{"start":{"line":65,"column":2},"end":{"line":68,"column":5}},"26":{"start":{"line":66,"column":4},"end":{"line":66,"column":42}},"27":{"start":{"line":67,"column":4},"end":{"line":67,"column":65}}},"fnMap":{"0":{"name":"(anonymous_0)","decl":{"start":{"line":12,"column":13},"end":{"line":12,"column":14}},"loc":{"start":{"line":12,"column":45},"end":{"line":15,"column":3}}},"1":{"name":"(anonymous_1)","decl":{"start":{"line":18,"column":32},"end":{"line":18,"column":35}},"loc":{"start":{"line":18,"column":37},"end":{"line":20,"column":1}}},"2":{"name":"(anonymous_2)","decl":{"start":{"line":25,"column":21},"end":{"line":25,"column":22}},"loc":{"start":{"line":25,"column":28},"end":{"line":69,"column":1}}},"3":{"name":"(anonymous_3)","decl":{"start":{"line":30,"column":19},"end":{"line":30,"column":20}},"loc":{"start":{"line":30,"column":39},"end":{"line":63,"column":3}}},"4":{"name":"(anonymous_4)","decl":{"start":{"line":40,"column":32},"end":{"line":40,"column":33}},"loc":{"start":{"line":40,"column":43},"end":{"line":44,"column":13}}},"5":{"name":"(anonymous_5)","decl":{"start":{"line":65,"column":17},"end":{"line":65,"column":20}},"loc":{"start":{"line":65,"column":22},"end":{"line":68,"column":3}}}},"branchMap":{"0":{"loc":{"start":{"line":34,"column":6},"end":{"line":49,"column":7}},"type":"if","locations":[{"start":{"line":34,"column":6},"end":{"line":49,"column":7}},{"start":{"line":47,"column":13},"end":{"line":49,"column":7}}]},"1":{"loc":{"start":{"line":35,"column":8},"end":{"line":46,"column":9}},"type":"switch","locations":[{"start":{"line":36,"column":10},"end":{"line":44,"column":15}}]},"2":{"loc":{"start":{"line":41,"column":14},"end":{"line":43,"column":15}},"type":"if","locations":[{"start":{"line":41,"column":14},"end":{"line":43,"column":15}}]}},"s":{"0":0,"1":0,"2":0,"3":0,"4":0,"5":0,"6":0,"7":0,"8":0,"9":0,"10":0,"11":0,"12":0,"13":0,"14":0,"15":0,"16":0,"17":0,"18":0,"19":0,"20":0,"21":0,"22":0,"23":0,"24":0,"25":0,"26":0,"27":0},"f":{"0":0,"1":0,"2":0,"3":0,"4":0,"5":0},"b":{"0":[0,0],"1":[0],"2":[0]}}
}
