TN:
SF:src\example_tests_src.ts
FN:1,sum
FN:6,fetchData
FN:7,(anonymous_2)
FNF:3
FNH:3
FNDA:1,sum
FNDA:1,fetchData
FNDA:1,(anonymous_2)
DA:1,1
DA:2,1
DA:6,1
DA:7,1
DA:8,1
LF:5
LH:5
BRF:0
BRH:0
end_of_record
TN:
SF:src\database\connection_pooling.ts
FN:31,(anonymous_1)
FNF:1
FNH:0
FNDA:0,(anonymous_1)
DA:1,1
DA:2,1
DA:3,1
DA:4,1
DA:7,1
DA:10,1
DA:31,1
DA:32,0
DA:34,0
DA:37,0
DA:38,0
DA:41,0
DA:43,0
DA:46,0
LF:14
LH:7
BRF:0
BRH:0
end_of_record
TN:
SF:src\database\data_deletion.ts
FN:3,(anonymous_0)
FN:6,(anonymous_1)
FNF:2
FNH:2
FNDA:1,(anonymous_0)
FNDA:3,(anonymous_1)
DA:1,1
DA:3,1
DA:4,1
DA:6,3
DA:7,1
DA:9,1
DA:12,1
DA:13,1
DA:14,1
DA:16,0
DA:20,0
DA:22,0
DA:23,0
DA:25,0
DA:26,0
DA:28,0
DA:33,1
LF:17
LH:10
BRDA:13,0,0,1
BRDA:13,0,1,0
BRDA:20,1,0,0
BRDA:20,1,1,0
BRDA:20,1,2,0
BRF:5
BRH:1
end_of_record
TN:
SF:src\database\data_insertion.ts
FN:3,(anonymous_0)
FN:12,(anonymous_1)
FNF:2
FNH:2
FNDA:3,(anonymous_0)
FNDA:9,(anonymous_1)
DA:1,1
DA:3,1
DA:4,3
DA:8,3
DA:10,3
DA:12,9
DA:14,3
DA:17,3
DA:18,3
DA:21,0
DA:23,0
DA:24,0
DA:26,0
DA:27,0
DA:29,0
DA:34,1
LF:16
LH:10
BRDA:21,0,0,0
BRDA:21,0,1,0
BRDA:21,0,2,0
BRF:3
BRH:0
end_of_record
TN:
SF:src\database\data_modification.ts
FN:3,(anonymous_0)
FN:9,(anonymous_1)
FN:16,(anonymous_2)
FNF:3
FNH:3
FNDA:1,(anonymous_0)
FNDA:3,(anonymous_1)
FNDA:3,(anonymous_2)
DA:1,1
DA:3,1
DA:4,1
DA:6,1
DA:7,1
DA:9,3
DA:12,1
DA:13,1
DA:15,1
DA:16,3
DA:19,1
DA:21,1
DA:23,1
DA:26,0
DA:28,0
DA:29,0
DA:31,0
DA:32,0
DA:34,0
DA:39,1
LF:20
LH:14
BRDA:26,0,0,0
BRDA:26,0,1,0
BRDA:26,0,2,0
BRF:3
BRH:0
end_of_record
TN:
SF:src\database\data_retrieval.ts
FN:4,(anonymous_0)
FN:14,(anonymous_1)
FNF:2
FNH:2
FNDA:3,(anonymous_0)
FNDA:9,(anonymous_1)
DA:1,1
DA:4,1
DA:5,3
DA:9,3
DA:11,3
DA:13,3
DA:14,9
DA:17,3
DA:20,3
DA:22,3
DA:23,2
DA:25,1
DA:29,3
DA:31,0
DA:33,0
DA:34,0
DA:36,0
DA:41,1
LF:18
LH:14
BRDA:4,0,0,0
BRDA:13,1,0,3
BRDA:13,1,1,0
BRDA:22,2,0,2
BRDA:22,2,1,1
BRDA:31,3,0,0
BRDA:31,3,1,0
BRF:7
BRH:3
end_of_record
TN:
SF:src\database\table_clearing.ts
FN:4,(anonymous_0)
FNF:1
FNH:1
FNDA:3,(anonymous_0)
DA:1,1
DA:4,1
DA:5,3
DA:6,3
DA:9,1
LF:5
LH:5
BRF:0
BRH:0
end_of_record
